{
  "RSpec": {
    "coverage": {
      "/home/declarative-model-6369/tic-tac-toe-rb-online-web-sp-000/lib/tic_tac_toe.rb": [
        null,
        1,
        null,
        null,
        null,
        null,
        null,
        null,
        null,
        null,
        null,
        1,
        null,
        1,
        5,
        5,
        5,
        5,
        5,
        null,
        null,
        1,
        null,
        1,
        6,
        null,
        null,
        1,
        5,
        null,
        null,
        1,
        8,
        null,
        null,
        1,
        6,
        null,
        null,
        1,
        4,
        4,
        36,
        5,
        null,
        null,
        null,
        null,
        4,
        null,
        null,
        1,
        3,
        3,
        null,
        0,
        null,
        null,
        null,
        1,
        3,
        3,
        3,
        3,
        2,
        2,
        null,
        1,
        null,
        null,
        null,
        1,
        2,
        14,
        14,
        14,
        14,
        14,
        14,
        14,
        1,
        null,
        null,
        null,
        null,
        null,
        null,
        null,
        1,
        2,
        2,
        18,
        14,
        null,
        null,
        null,
        null,
        2,
        1,
        null,
        1,
        null,
        null,
        null,
        null,
        null,
        null,
        null,
        null
      ]
    },
    "timestamp": 1613599258
  }
}
